
 10.02.2026 16:04:31 Service Starting service
 10.02.2026 16:04:31 Bus Became bus client

 10.02.2026 16:04:31 Middleware::Response Success
 10.02.2026 16:04:31 Service Initializing modules

------------------------------------------------------------------------------
----------------------------------AutoLogOut----------------------------------
------------------------------------------------------------------------------
 10.02.2026 16:04:31 Client-Info Client Version: 0.13.0
 10.02.2026 16:04:31 Client-Info Client OS:      Windows
 10.02.2026 16:04:31 Client-Info Server Version: 1.5.10.1695
 10.02.2026 16:04:31 Middleware::Response Success
------------------------------------------------------------------------------


------------------------------------------------------------------------------
-----------------------------DefaultPrinterManager----------------------------
------------------------------------------------------------------------------
 10.02.2026 16:04:32 Client-Info Client Version: 0.13.0
 10.02.2026 16:04:32 Client-Info Client OS:      Windows
 10.02.2026 16:04:32 Client-Info Server Version: 1.5.10.1695
 10.02.2026 16:04:32 Middleware::Response Success
------------------------------------------------------------------------------


------------------------------------------------------------------------------
--------------------------------DisplayManager--------------------------------
------------------------------------------------------------------------------
 10.02.2026 16:04:32 Client-Info Client Version: 0.13.0
 10.02.2026 16:04:32 Client-Info Client OS:      Windows
 10.02.2026 16:04:32 Client-Info Server Version: 1.5.10.1695
 10.02.2026 16:04:32 Middleware::Response Success
 10.02.2026 16:04:32 DisplayManager ERROR: Invalid settings provided
------------------------------------------------------------------------------

 10.02.2026 16:04:32 Service Sleeping for 113 seconds
 10.02.2026 16:04:33 Bus::Client ERROR: No connection could be made because the target machine actively refused it
 10.02.2026 16:04:33 Bus::Client ERROR: Connection lost due to socket error
 10.02.2026 16:05:05 Bus::Client ERROR: No connection could be made because the target machine actively refused it
 10.02.2026 16:05:34 Bus::Client Connection established
 10.02.2026 16:06:25 Middleware::Response Success

------------------------------------------------------------------------------
----------------------------------AutoLogOut----------------------------------
------------------------------------------------------------------------------
 10.02.2026 16:06:25 Client-Info Client Version: 0.13.0
 10.02.2026 16:06:25 Client-Info Client OS:      Windows
 10.02.2026 16:06:25 Client-Info Server Version: 1.5.10.1695
 10.02.2026 16:06:25 Middleware::Response Success
------------------------------------------------------------------------------


------------------------------------------------------------------------------
-----------------------------DefaultPrinterManager----------------------------
------------------------------------------------------------------------------
 10.02.2026 16:06:25 Client-Info Client Version: 0.13.0
 10.02.2026 16:06:25 Client-Info Client OS:      Windows
 10.02.2026 16:06:25 Client-Info Server Version: 1.5.10.1695
 10.02.2026 16:06:25 Middleware::Response Success
------------------------------------------------------------------------------


------------------------------------------------------------------------------
--------------------------------DisplayManager--------------------------------
------------------------------------------------------------------------------
 10.02.2026 16:06:25 Client-Info Client Version: 0.13.0
 10.02.2026 16:06:25 Client-Info Client OS:      Windows
 10.02.2026 16:06:25 Client-Info Server Version: 1.5.10.1695
 10.02.2026 16:06:25 Middleware::Response Success
 10.02.2026 16:06:25 DisplayManager ERROR: Invalid settings provided
------------------------------------------------------------------------------

 10.02.2026 16:06:25 Service Sleeping for 61 seconds
 10.02.2026 16:07:26 Middleware::Response Success

------------------------------------------------------------------------------
----------------------------------AutoLogOut----------------------------------
------------------------------------------------------------------------------
 10.02.2026 16:07:26 Client-Info Client Version: 0.13.0
 10.02.2026 16:07:26 Client-Info Client OS:      Windows
 10.02.2026 16:07:26 Client-Info Server Version: 1.5.10.1695
 10.02.2026 16:07:26 Middleware::Response Success
------------------------------------------------------------------------------


------------------------------------------------------------------------------
-----------------------------DefaultPrinterManager----------------------------
------------------------------------------------------------------------------
 10.02.2026 16:07:26 Client-Info Client Version: 0.13.0
 10.02.2026 16:07:26 Client-Info Client OS:      Windows
 10.02.2026 16:07:26 Client-Info Server Version: 1.5.10.1695
 10.02.2026 16:07:26 Middleware::Response Success
------------------------------------------------------------------------------


------------------------------------------------------------------------------
--------------------------------DisplayManager--------------------------------
------------------------------------------------------------------------------
 10.02.2026 16:07:26 Client-Info Client Version: 0.13.0
 10.02.2026 16:07:26 Client-Info Client OS:      Windows
 10.02.2026 16:07:26 Client-Info Server Version: 1.5.10.1695
 10.02.2026 16:07:26 Middleware::Response Success
 10.02.2026 16:07:26 DisplayManager ERROR: Invalid settings provided
------------------------------------------------------------------------------

 10.02.2026 16:07:26 Service Sleeping for 68 seconds
 10.02.2026 16:08:34 Middleware::Response Success

------------------------------------------------------------------------------
----------------------------------AutoLogOut----------------------------------
------------------------------------------------------------------------------
 10.02.2026 16:08:34 Client-Info Client Version: 0.13.0
 10.02.2026 16:08:34 Client-Info Client OS:      Windows
 10.02.2026 16:08:34 Client-Info Server Version: 1.5.10.1695
 10.02.2026 16:08:34 Middleware::Response Success
------------------------------------------------------------------------------


------------------------------------------------------------------------------
-----------------------------DefaultPrinterManager----------------------------
------------------------------------------------------------------------------
 10.02.2026 16:08:34 Client-Info Client Version: 0.13.0
 10.02.2026 16:08:34 Client-Info Client OS:      Windows
 10.02.2026 16:08:34 Client-Info Server Version: 1.5.10.1695
 10.02.2026 16:08:34 Middleware::Response Success
------------------------------------------------------------------------------


------------------------------------------------------------------------------
--------------------------------DisplayManager--------------------------------
------------------------------------------------------------------------------
 10.02.2026 16:08:34 Client-Info Client Version: 0.13.0
 10.02.2026 16:08:34 Client-Info Client OS:      Windows
 10.02.2026 16:08:34 Client-Info Server Version: 1.5.10.1695
 10.02.2026 16:08:34 Middleware::Response Success
 10.02.2026 16:08:34 DisplayManager ERROR: Invalid settings provided
------------------------------------------------------------------------------

 10.02.2026 16:08:34 Service Sleeping for 94 seconds
 10.02.2026 16:10:07 Middleware::Response Success

------------------------------------------------------------------------------
----------------------------------AutoLogOut----------------------------------
------------------------------------------------------------------------------
 10.02.2026 16:10:07 Client-Info Client Version: 0.13.0
 10.02.2026 16:10:07 Client-Info Client OS:      Windows
 10.02.2026 16:10:07 Client-Info Server Version: 1.5.10.1695
 10.02.2026 16:10:07 Middleware::Response Success
------------------------------------------------------------------------------


------------------------------------------------------------------------------
-----------------------------DefaultPrinterManager----------------------------
------------------------------------------------------------------------------
 10.02.2026 16:10:07 Client-Info Client Version: 0.13.0
 10.02.2026 16:10:07 Client-Info Client OS:      Windows
 10.02.2026 16:10:07 Client-Info Server Version: 1.5.10.1695
 10.02.2026 16:10:07 Middleware::Response Success
------------------------------------------------------------------------------


------------------------------------------------------------------------------
--------------------------------DisplayManager--------------------------------
------------------------------------------------------------------------------
 10.02.2026 16:10:07 Client-Info Client Version: 0.13.0
 10.02.2026 16:10:07 Client-Info Client OS:      Windows
 10.02.2026 16:10:07 Client-Info Server Version: 1.5.10.1695
 10.02.2026 16:10:07 Middleware::Response Success
 10.02.2026 16:10:07 DisplayManager ERROR: Invalid settings provided
------------------------------------------------------------------------------

 10.02.2026 16:10:07 Service Sleeping for 115 seconds
 10.02.2026 16:12:01 Middleware::Response Success

------------------------------------------------------------------------------
----------------------------------AutoLogOut----------------------------------
------------------------------------------------------------------------------
 10.02.2026 16:12:01 Client-Info Client Version: 0.13.0
 10.02.2026 16:12:01 Client-Info Client OS:      Windows
 10.02.2026 16:12:01 Client-Info Server Version: 1.5.10.1695
 10.02.2026 16:12:01 Middleware::Response Success
------------------------------------------------------------------------------


------------------------------------------------------------------------------
-----------------------------DefaultPrinterManager----------------------------
------------------------------------------------------------------------------
 10.02.2026 16:12:01 Client-Info Client Version: 0.13.0
 10.02.2026 16:12:01 Client-Info Client OS:      Windows
 10.02.2026 16:12:01 Client-Info Server Version: 1.5.10.1695
 10.02.2026 16:12:01 Middleware::Response Success
------------------------------------------------------------------------------


------------------------------------------------------------------------------
--------------------------------DisplayManager--------------------------------
------------------------------------------------------------------------------
 10.02.2026 16:12:01 Client-Info Client Version: 0.13.0
 10.02.2026 16:12:01 Client-Info Client OS:      Windows
 10.02.2026 16:12:01 Client-Info Server Version: 1.5.10.1695
 10.02.2026 16:12:01 Middleware::Response Success
 10.02.2026 16:12:01 DisplayManager ERROR: Invalid settings provided
------------------------------------------------------------------------------

 10.02.2026 16:12:01 Service Sleeping for 148 seconds
 10.02.2026 16:14:27 Middleware::Response Success

------------------------------------------------------------------------------
----------------------------------AutoLogOut----------------------------------
------------------------------------------------------------------------------
 10.02.2026 16:14:27 Client-Info Client Version: 0.13.0
 10.02.2026 16:14:27 Client-Info Client OS:      Windows
 10.02.2026 16:14:27 Client-Info Server Version: 1.5.10.1695
 10.02.2026 16:14:27 Middleware::Response Success
------------------------------------------------------------------------------


------------------------------------------------------------------------------
-----------------------------DefaultPrinterManager----------------------------
------------------------------------------------------------------------------
 10.02.2026 16:14:27 Client-Info Client Version: 0.13.0
 10.02.2026 16:14:27 Client-Info Client OS:      Windows
 10.02.2026 16:14:27 Client-Info Server Version: 1.5.10.1695
 10.02.2026 16:14:27 Middleware::Response Success
------------------------------------------------------------------------------


------------------------------------------------------------------------------
--------------------------------DisplayManager--------------------------------
------------------------------------------------------------------------------
 10.02.2026 16:14:27 Client-Info Client Version: 0.13.0
 10.02.2026 16:14:27 Client-Info Client OS:      Windows
 10.02.2026 16:14:27 Client-Info Server Version: 1.5.10.1695
 10.02.2026 16:14:27 Middleware::Response Success
 10.02.2026 16:14:27 DisplayManager ERROR: Invalid settings provided
------------------------------------------------------------------------------

 10.02.2026 16:14:27 Service Sleeping for 98 seconds
 10.02.2026 16:16:05 Middleware::Response Success

------------------------------------------------------------------------------
----------------------------------AutoLogOut----------------------------------
------------------------------------------------------------------------------
 10.02.2026 16:16:05 Client-Info Client Version: 0.13.0
 10.02.2026 16:16:05 Client-Info Client OS:      Windows
 10.02.2026 16:16:05 Client-Info Server Version: 1.5.10.1695
 10.02.2026 16:16:05 Middleware::Response Success
------------------------------------------------------------------------------


------------------------------------------------------------------------------
-----------------------------DefaultPrinterManager----------------------------
------------------------------------------------------------------------------
 10.02.2026 16:16:05 Client-Info Client Version: 0.13.0
 10.02.2026 16:16:05 Client-Info Client OS:      Windows
 10.02.2026 16:16:05 Client-Info Server Version: 1.5.10.1695
 10.02.2026 16:16:05 Middleware::Response Success
------------------------------------------------------------------------------


------------------------------------------------------------------------------
--------------------------------DisplayManager--------------------------------
------------------------------------------------------------------------------
 10.02.2026 16:16:05 Client-Info Client Version: 0.13.0
 10.02.2026 16:16:05 Client-Info Client OS:      Windows
 10.02.2026 16:16:05 Client-Info Server Version: 1.5.10.1695
 10.02.2026 16:16:05 Middleware::Response Success
 10.02.2026 16:16:05 DisplayManager ERROR: Invalid settings provided
------------------------------------------------------------------------------

 10.02.2026 16:16:05 Service Sleeping for 101 seconds
 10.02.2026 16:17:46 Middleware::Response Success

------------------------------------------------------------------------------
----------------------------------AutoLogOut----------------------------------
------------------------------------------------------------------------------
 10.02.2026 16:17:46 Client-Info Client Version: 0.13.0
 10.02.2026 16:17:46 Client-Info Client OS:      Windows
 10.02.2026 16:17:46 Client-Info Server Version: 1.5.10.1695
 10.02.2026 16:17:46 Middleware::Response Success
------------------------------------------------------------------------------


------------------------------------------------------------------------------
-----------------------------DefaultPrinterManager----------------------------
------------------------------------------------------------------------------
 10.02.2026 16:17:47 Client-Info Client Version: 0.13.0
 10.02.2026 16:17:47 Client-Info Client OS:      Windows
 10.02.2026 16:17:47 Client-Info Server Version: 1.5.10.1695
 10.02.2026 16:17:47 Middleware::Response Success
------------------------------------------------------------------------------


------------------------------------------------------------------------------
--------------------------------DisplayManager--------------------------------
------------------------------------------------------------------------------
 10.02.2026 16:17:47 Client-Info Client Version: 0.13.0
 10.02.2026 16:17:47 Client-Info Client OS:      Windows
 10.02.2026 16:17:47 Client-Info Server Version: 1.5.10.1695
 10.02.2026 16:17:47 Middleware::Response Success
 10.02.2026 16:17:47 DisplayManager ERROR: Invalid settings provided
------------------------------------------------------------------------------

 10.02.2026 16:17:47 Service Sleeping for 112 seconds
 10.02.2026 16:19:39 Middleware::Response Success

------------------------------------------------------------------------------
----------------------------------AutoLogOut----------------------------------
------------------------------------------------------------------------------
 10.02.2026 16:19:39 Client-Info Client Version: 0.13.0
 10.02.2026 16:19:39 Client-Info Client OS:      Windows
 10.02.2026 16:19:39 Client-Info Server Version: 1.5.10.1695
 10.02.2026 16:19:39 Middleware::Response Success
------------------------------------------------------------------------------


------------------------------------------------------------------------------
-----------------------------DefaultPrinterManager----------------------------
------------------------------------------------------------------------------
 10.02.2026 16:19:39 Client-Info Client Version: 0.13.0
 10.02.2026 16:19:39 Client-Info Client OS:      Windows
 10.02.2026 16:19:39 Client-Info Server Version: 1.5.10.1695
 10.02.2026 16:19:39 Middleware::Response Success
------------------------------------------------------------------------------


------------------------------------------------------------------------------
--------------------------------DisplayManager--------------------------------
------------------------------------------------------------------------------
 10.02.2026 16:19:39 Client-Info Client Version: 0.13.0
 10.02.2026 16:19:39 Client-Info Client OS:      Windows
 10.02.2026 16:19:39 Client-Info Server Version: 1.5.10.1695
 10.02.2026 16:19:39 Middleware::Response Success
 10.02.2026 16:19:39 DisplayManager ERROR: Invalid settings provided
------------------------------------------------------------------------------

 10.02.2026 16:19:39 Service Sleeping for 92 seconds
 10.02.2026 16:21:11 Middleware::Response Success

------------------------------------------------------------------------------
----------------------------------AutoLogOut----------------------------------
------------------------------------------------------------------------------
 10.02.2026 16:21:11 Client-Info Client Version: 0.13.0
 10.02.2026 16:21:11 Client-Info Client OS:      Windows
 10.02.2026 16:21:11 Client-Info Server Version: 1.5.10.1695
 10.02.2026 16:21:11 Middleware::Response Success
------------------------------------------------------------------------------


------------------------------------------------------------------------------
-----------------------------DefaultPrinterManager----------------------------
------------------------------------------------------------------------------
 10.02.2026 16:21:11 Client-Info Client Version: 0.13.0
 10.02.2026 16:21:11 Client-Info Client OS:      Windows
 10.02.2026 16:21:11 Client-Info Server Version: 1.5.10.1695
 10.02.2026 16:21:11 Middleware::Response Success
------------------------------------------------------------------------------


------------------------------------------------------------------------------
--------------------------------DisplayManager--------------------------------
------------------------------------------------------------------------------
 10.02.2026 16:21:11 Client-Info Client Version: 0.13.0
 10.02.2026 16:21:11 Client-Info Client OS:      Windows
 10.02.2026 16:21:11 Client-Info Server Version: 1.5.10.1695
 10.02.2026 16:21:11 Middleware::Response Success
 10.02.2026 16:21:11 DisplayManager ERROR: Invalid settings provided
------------------------------------------------------------------------------

 10.02.2026 16:21:11 Service Sleeping for 88 seconds
 10.02.2026 16:22:39 Middleware::Response Success

------------------------------------------------------------------------------
----------------------------------AutoLogOut----------------------------------
------------------------------------------------------------------------------
 10.02.2026 16:22:39 Client-Info Client Version: 0.13.0
 10.02.2026 16:22:39 Client-Info Client OS:      Windows
 10.02.2026 16:22:39 Client-Info Server Version: 1.5.10.1695
 10.02.2026 16:22:39 Middleware::Response Success
------------------------------------------------------------------------------


------------------------------------------------------------------------------
-----------------------------DefaultPrinterManager----------------------------
------------------------------------------------------------------------------
 10.02.2026 16:22:39 Client-Info Client Version: 0.13.0
 10.02.2026 16:22:39 Client-Info Client OS:      Windows
 10.02.2026 16:22:39 Client-Info Server Version: 1.5.10.1695
 10.02.2026 16:22:39 Middleware::Response Success
------------------------------------------------------------------------------


------------------------------------------------------------------------------
--------------------------------DisplayManager--------------------------------
------------------------------------------------------------------------------
 10.02.2026 16:22:39 Client-Info Client Version: 0.13.0
 10.02.2026 16:22:39 Client-Info Client OS:      Windows
 10.02.2026 16:22:39 Client-Info Server Version: 1.5.10.1695
 10.02.2026 16:22:39 Middleware::Response Success
 10.02.2026 16:22:39 DisplayManager ERROR: Invalid settings provided
------------------------------------------------------------------------------

 10.02.2026 16:22:39 Service Sleeping for 145 seconds
 10.02.2026 16:25:04 Middleware::Response Success

------------------------------------------------------------------------------
----------------------------------AutoLogOut----------------------------------
------------------------------------------------------------------------------
 10.02.2026 16:25:04 Client-Info Client Version: 0.13.0
 10.02.2026 16:25:04 Client-Info Client OS:      Windows
 10.02.2026 16:25:04 Client-Info Server Version: 1.5.10.1695
 10.02.2026 16:25:04 Middleware::Response Success
------------------------------------------------------------------------------


------------------------------------------------------------------------------
-----------------------------DefaultPrinterManager----------------------------
------------------------------------------------------------------------------
 10.02.2026 16:25:04 Client-Info Client Version: 0.13.0
 10.02.2026 16:25:04 Client-Info Client OS:      Windows
 10.02.2026 16:25:04 Client-Info Server Version: 1.5.10.1695
 10.02.2026 16:25:04 Middleware::Response Success
------------------------------------------------------------------------------


------------------------------------------------------------------------------
--------------------------------DisplayManager--------------------------------
------------------------------------------------------------------------------
 10.02.2026 16:25:04 Client-Info Client Version: 0.13.0
 10.02.2026 16:25:04 Client-Info Client OS:      Windows
 10.02.2026 16:25:04 Client-Info Server Version: 1.5.10.1695
 10.02.2026 16:25:04 Middleware::Response Success
 10.02.2026 16:25:04 DisplayManager ERROR: Invalid settings provided
------------------------------------------------------------------------------

 10.02.2026 16:25:04 Service Sleeping for 100 seconds
 10.02.2026 16:26:44 Middleware::Response Success

------------------------------------------------------------------------------
----------------------------------AutoLogOut----------------------------------
------------------------------------------------------------------------------
 10.02.2026 16:26:44 Client-Info Client Version: 0.13.0
 10.02.2026 16:26:44 Client-Info Client OS:      Windows
 10.02.2026 16:26:44 Client-Info Server Version: 1.5.10.1695
 10.02.2026 16:26:44 Middleware::Response Success
------------------------------------------------------------------------------


------------------------------------------------------------------------------
-----------------------------DefaultPrinterManager----------------------------
------------------------------------------------------------------------------
 10.02.2026 16:26:44 Client-Info Client Version: 0.13.0
 10.02.2026 16:26:44 Client-Info Client OS:      Windows
 10.02.2026 16:26:44 Client-Info Server Version: 1.5.10.1695
 10.02.2026 16:26:44 Middleware::Response Success
------------------------------------------------------------------------------


------------------------------------------------------------------------------
--------------------------------DisplayManager--------------------------------
------------------------------------------------------------------------------
 10.02.2026 16:26:44 Client-Info Client Version: 0.13.0
 10.02.2026 16:26:44 Client-Info Client OS:      Windows
 10.02.2026 16:26:44 Client-Info Server Version: 1.5.10.1695
 10.02.2026 16:26:44 Middleware::Response Success
 10.02.2026 16:26:44 DisplayManager ERROR: Invalid settings provided
------------------------------------------------------------------------------

 10.02.2026 16:26:44 Service Sleeping for 104 seconds
 10.02.2026 16:28:28 Middleware::Response Success

------------------------------------------------------------------------------
----------------------------------AutoLogOut----------------------------------
------------------------------------------------------------------------------
 10.02.2026 16:28:28 Client-Info Client Version: 0.13.0
 10.02.2026 16:28:28 Client-Info Client OS:      Windows
 10.02.2026 16:28:28 Client-Info Server Version: 1.5.10.1695
 10.02.2026 16:28:28 Middleware::Response Success
------------------------------------------------------------------------------


------------------------------------------------------------------------------
-----------------------------DefaultPrinterManager----------------------------
------------------------------------------------------------------------------
 10.02.2026 16:28:28 Client-Info Client Version: 0.13.0
 10.02.2026 16:28:28 Client-Info Client OS:      Windows
 10.02.2026 16:28:28 Client-Info Server Version: 1.5.10.1695
 10.02.2026 16:28:28 Middleware::Response Success
------------------------------------------------------------------------------


------------------------------------------------------------------------------
--------------------------------DisplayManager--------------------------------
------------------------------------------------------------------------------
 10.02.2026 16:28:28 Client-Info Client Version: 0.13.0
 10.02.2026 16:28:28 Client-Info Client OS:      Windows
 10.02.2026 16:28:28 Client-Info Server Version: 1.5.10.1695
 10.02.2026 16:28:28 Middleware::Response Success
 10.02.2026 16:28:28 DisplayManager ERROR: Invalid settings provided
------------------------------------------------------------------------------

 10.02.2026 16:28:28 Service Sleeping for 103 seconds
